[21-Dec-2025 14:10:50 Europe/Berlin] PHP Parse error:  syntax error, unexpected single-quoted string "mrah", expecting "]" in D:\xampp\htdocs\mrah\php\inc\functions.php on line 38
[25-Dec-2025 22:50:36 Europe/Berlin] PHP Fatal error:  Uncaught mysqli_sql_exception: Access denied for user 'matrixall'@'localhost' (using password: YES) in D:\xampp\htdocs\mrah\php\inc\config.php:17
Stack trace:
#0 D:\xampp\htdocs\mrah\php\inc\config.php(17): mysqli_connect('localhost', 'matrixall', Object(SensitiveParameterValue), 'mrah')
#1 D:\xampp\htdocs\mrah\php\inc\functions.php(7): include('D:\\xampp\\htdocs...')
#2 D:\xampp\htdocs\mrah\php\admin\verify.php(2): require('D:\\xampp\\htdocs...')
#3 {main}
  thrown in D:\xampp\htdocs\mrah\php\inc\config.php on line 17
[25-Dec-2025 22:50:43 Europe/Berlin] PHP Fatal error:  Uncaught mysqli_sql_exception: Access denied for user 'matrixall'@'localhost' (using password: YES) in D:\xampp\htdocs\mrah\php\inc\config.php:17
Stack trace:
#0 D:\xampp\htdocs\mrah\php\inc\config.php(17): mysqli_connect('localhost', 'matrixall', Object(SensitiveParameterValue), 'mrah')
#1 D:\xampp\htdocs\mrah\php\inc\functions.php(7): include('D:\\xampp\\htdocs...')
#2 D:\xampp\htdocs\mrah\php\admin\verify.php(2): require('D:\\xampp\\htdocs...')
#3 {main}
  thrown in D:\xampp\htdocs\mrah\php\inc\config.php on line 17
[25-Dec-2025 22:50:46 Europe/Berlin] PHP Fatal error:  Uncaught mysqli_sql_exception: Access denied for user 'matrixall'@'localhost' (using password: YES) in D:\xampp\htdocs\mrah\php\inc\config.php:17
Stack trace:
#0 D:\xampp\htdocs\mrah\php\inc\config.php(17): mysqli_connect('localhost', 'matrixall', Object(SensitiveParameterValue), 'mrah')
#1 D:\xampp\htdocs\mrah\php\inc\functions.php(7): include('D:\\xampp\\htdocs...')
#2 D:\xampp\htdocs\mrah\php\admin\verify.php(2): require('D:\\xampp\\htdocs...')
#3 {main}
  thrown in D:\xampp\htdocs\mrah\php\inc\config.php on line 17
[03-Jan-2026 03:31:52 Asia/Riyadh] PHP Fatal error:  Uncaught mysqli_sql_exception: Unknown column 'eid' in 'where clause' in D:\xampp\htdocs\mrah\php\admin\login.php:14
Stack trace:
#0 D:\xampp\htdocs\mrah\php\admin\login.php(14): mysqli_query(Object(mysqli), 'SELECT * FROM `...')
#1 {main}
  thrown in D:\xampp\htdocs\mrah\php\admin\login.php on line 14
[03-Jan-2026 03:32:33 Asia/Riyadh] PHP Fatal error:  Uncaught mysqli_sql_exception: Unknown column 'eid' in 'where clause' in D:\xampp\htdocs\mrah\php\admin\login.php:14
Stack trace:
#0 D:\xampp\htdocs\mrah\php\admin\login.php(14): mysqli_query(Object(mysqli), 'SELECT * FROM `...')
#1 {main}
  thrown in D:\xampp\htdocs\mrah\php\admin\login.php on line 14
[03-Jan-2026 03:32:38 Asia/Riyadh] PHP Fatal error:  Uncaught mysqli_sql_exception: Unknown column 'eid' in 'where clause' in D:\xampp\htdocs\mrah\php\admin\login.php:14
Stack trace:
#0 D:\xampp\htdocs\mrah\php\admin\login.php(14): mysqli_query(Object(mysqli), 'SELECT * FROM `...')
#1 {main}
  thrown in D:\xampp\htdocs\mrah\php\admin\login.php on line 14
